Analysis & Elaboration report for Decoder
Sat Nov 02 23:49:14 2019
Quartus Prime Version 16.1.0 Build 196 10/24/2016 SJ Lite Edition


---------------------
; Table of Contents ;
---------------------
  1. Legal Notice
  2. Analysis & Elaboration Summary
  3. Parallel Compilation
  4. Parameter Settings for User Entity Instance: Top-level Entity: |Decoder
  5. Analysis & Elaboration Settings
  6. Analysis & Elaboration Messages



----------------
; Legal Notice ;
----------------
Copyright (C) 2016  Intel Corporation. All rights reserved.
Your use of Intel Corporation's design tools, logic functions 
and other software and tools, and its AMPP partner logic 
functions, and any output files from any of the foregoing 
(including device programming or simulation files), and any 
associated documentation or information are expressly subject 
to the terms and conditions of the Intel Program License 
Subscription Agreement, the Intel Quartus Prime License Agreement,
the Intel MegaCore Function License Agreement, or other 
applicable license agreement, including, without limitation, 
that your use is for the sole purpose of programming logic 
devices manufactured by Intel and sold by Intel or its 
authorized distributors.  Please refer to the applicable 
agreement for further details.



+-----------------------------------------------------------------------------+
; Analysis & Elaboration Summary                                              ;
+-------------------------------+---------------------------------------------+
; Analysis & Elaboration Status ; Successful - Sat Nov 02 23:49:14 2019       ;
; Quartus Prime Version         ; 16.1.0 Build 196 10/24/2016 SJ Lite Edition ;
; Revision Name                 ; Decoder                                     ;
; Top-level Entity Name         ; Decoder                                     ;
; Family                        ; Cyclone V                                   ;
; Logic utilization (in ALMs)   ; N/A until Partition Merge                   ;
; Total registers               ; N/A until Partition Merge                   ;
; Total pins                    ; N/A until Partition Merge                   ;
; Total virtual pins            ; N/A until Partition Merge                   ;
; Total block memory bits       ; N/A until Partition Merge                   ;
; Total PLLs                    ; N/A until Partition Merge                   ;
; Total DLLs                    ; N/A until Partition Merge                   ;
+-------------------------------+---------------------------------------------+


+------------------------------------------+
; Parallel Compilation                     ;
+----------------------------+-------------+
; Processors                 ; Number      ;
+----------------------------+-------------+
; Number detected on machine ; 8           ;
; Maximum allowed            ; 4           ;
;                            ;             ;
; Average used               ; 1.00        ;
; Maximum used               ; 1           ;
;                            ;             ;
; Usage by Processor         ; % Time Used ;
;     Processor 1            ; 100.0%      ;
+----------------------------+-------------+


+-------------------------------------------------------------------------+
; Parameter Settings for User Entity Instance: Top-level Entity: |Decoder ;
+----------------+-------+------------------------------------------------+
; Parameter Name ; Value ; Type                                           ;
+----------------+-------+------------------------------------------------+
; wordSize       ; 32    ; Signed Integer                                 ;
; regBits        ; 5     ; Signed Integer                                 ;
; rsBits         ; 1     ; Signed Integer                                 ;
; fuBits         ; 2     ; Signed Integer                                 ;
; tagSize        ; 3     ; Signed Integer                                 ;
; opBits         ; 4     ; Signed Integer                                 ;
; nb_lines       ; 6     ; Signed Integer                                 ;
+----------------+-------+------------------------------------------------+
Note: In order to hide this table in the UI and the text report file, please set the "Show Parameter Settings in Synthesis Report" option in "Analysis and Synthesis Settings -> More Settings" to "Off".


+---------------------------------------------------------------------------------------------------------------------------+
; Analysis & Elaboration Settings                                                                                           ;
+---------------------------------------------------------------------------------+--------------------+--------------------+
; Option                                                                          ; Setting            ; Default Value      ;
+---------------------------------------------------------------------------------+--------------------+--------------------+
; Device                                                                          ; 5CEBA2F17A7        ;                    ;
; Top-level entity name                                                           ; Decoder            ; Decoder            ;
; Family name                                                                     ; Cyclone V          ; Cyclone V          ;
; Use smart compilation                                                           ; Off                ; Off                ;
; Enable parallel Assembler and TimeQuest Timing Analyzer during compilation      ; On                 ; On                 ;
; Enable compact report table                                                     ; Off                ; Off                ;
; Restructure Multiplexers                                                        ; Auto               ; Auto               ;
; MLAB Add Timing Constraints For Mixed-Port Feed-Through Mode Setting Don't Care ; Off                ; Off                ;
; Create Debugging Nodes for IP Cores                                             ; Off                ; Off                ;
; Preserve fewer node names                                                       ; On                 ; On                 ;
; OpenCore Plus hardware evaluation                                               ; Enable             ; Enable             ;
; Verilog Version                                                                 ; Verilog_2001       ; Verilog_2001       ;
; VHDL Version                                                                    ; VHDL_1993          ; VHDL_1993          ;
; State Machine Processing                                                        ; Auto               ; Auto               ;
; Safe State Machine                                                              ; Off                ; Off                ;
; Extract Verilog State Machines                                                  ; On                 ; On                 ;
; Extract VHDL State Machines                                                     ; On                 ; On                 ;
; Ignore Verilog initial constructs                                               ; Off                ; Off                ;
; Iteration limit for constant Verilog loops                                      ; 5000               ; 5000               ;
; Iteration limit for non-constant Verilog loops                                  ; 250                ; 250                ;
; Add Pass-Through Logic to Inferred RAMs                                         ; On                 ; On                 ;
; Infer RAMs from Raw Logic                                                       ; On                 ; On                 ;
; Parallel Synthesis                                                              ; On                 ; On                 ;
; DSP Block Balancing                                                             ; Auto               ; Auto               ;
; NOT Gate Push-Back                                                              ; On                 ; On                 ;
; Power-Up Don't Care                                                             ; On                 ; On                 ;
; Remove Redundant Logic Cells                                                    ; Off                ; Off                ;
; Remove Duplicate Registers                                                      ; On                 ; On                 ;
; Ignore CARRY Buffers                                                            ; Off                ; Off                ;
; Ignore CASCADE Buffers                                                          ; Off                ; Off                ;
; Ignore GLOBAL Buffers                                                           ; Off                ; Off                ;
; Ignore ROW GLOBAL Buffers                                                       ; Off                ; Off                ;
; Ignore LCELL Buffers                                                            ; Off                ; Off                ;
; Ignore SOFT Buffers                                                             ; On                 ; On                 ;
; Limit AHDL Integers to 32 Bits                                                  ; Off                ; Off                ;
; Optimization Technique                                                          ; Balanced           ; Balanced           ;
; Carry Chain Length                                                              ; 70                 ; 70                 ;
; Auto Carry Chains                                                               ; On                 ; On                 ;
; Auto Open-Drain Pins                                                            ; On                 ; On                 ;
; Perform WYSIWYG Primitive Resynthesis                                           ; Off                ; Off                ;
; Auto ROM Replacement                                                            ; On                 ; On                 ;
; Auto RAM Replacement                                                            ; On                 ; On                 ;
; Auto DSP Block Replacement                                                      ; On                 ; On                 ;
; Auto Shift Register Replacement                                                 ; Auto               ; Auto               ;
; Allow Shift Register Merging across Hierarchies                                 ; Auto               ; Auto               ;
; Auto Clock Enable Replacement                                                   ; On                 ; On                 ;
; Strict RAM Replacement                                                          ; Off                ; Off                ;
; Allow Synchronous Control Signals                                               ; On                 ; On                 ;
; Force Use of Synchronous Clear Signals                                          ; Off                ; Off                ;
; Auto Resource Sharing                                                           ; Off                ; Off                ;
; Allow Any RAM Size For Recognition                                              ; Off                ; Off                ;
; Allow Any ROM Size For Recognition                                              ; Off                ; Off                ;
; Allow Any Shift Register Size For Recognition                                   ; Off                ; Off                ;
; Use LogicLock Constraints during Resource Balancing                             ; On                 ; On                 ;
; Ignore translate_off and synthesis_off directives                               ; Off                ; Off                ;
; Timing-Driven Synthesis                                                         ; On                 ; On                 ;
; Report Parameter Settings                                                       ; On                 ; On                 ;
; Report Source Assignments                                                       ; On                 ; On                 ;
; Report Connectivity Checks                                                      ; On                 ; On                 ;
; Ignore Maximum Fan-Out Assignments                                              ; Off                ; Off                ;
; Synchronization Register Chain Length                                           ; 3                  ; 3                  ;
; PowerPlay Power Optimization During Synthesis                                   ; Normal compilation ; Normal compilation ;
; HDL message level                                                               ; Level2             ; Level2             ;
; Suppress Register Optimization Related Messages                                 ; Off                ; Off                ;
; Number of Removed Registers Reported in Synthesis Report                        ; 5000               ; 5000               ;
; Number of Swept Nodes Reported in Synthesis Report                              ; 5000               ; 5000               ;
; Number of Inverted Registers Reported in Synthesis Report                       ; 100                ; 100                ;
; Clock MUX Protection                                                            ; On                 ; On                 ;
; Auto Gated Clock Conversion                                                     ; Off                ; Off                ;
; Block Design Naming                                                             ; Auto               ; Auto               ;
; SDC constraint protection                                                       ; Off                ; Off                ;
; Synthesis Effort                                                                ; Auto               ; Auto               ;
; Shift Register Replacement - Allow Asynchronous Clear Signal                    ; On                 ; On                 ;
; Pre-Mapping Resynthesis Optimization                                            ; Off                ; Off                ;
; Analysis & Synthesis Message Level                                              ; Medium             ; Medium             ;
; Disable Register Merging Across Hierarchies                                     ; Auto               ; Auto               ;
; Resource Aware Inference For Block RAM                                          ; On                 ; On                 ;
; Automatic Parallel Synthesis                                                    ; On                 ; On                 ;
; Partial Reconfiguration Bitstream ID                                            ; Off                ; Off                ;
+---------------------------------------------------------------------------------+--------------------+--------------------+


+---------------------------------+
; Analysis & Elaboration Messages ;
+---------------------------------+
Info: *******************************************************************
Info: Running Quartus Prime Analysis & Elaboration
    Info: Version 16.1.0 Build 196 10/24/2016 SJ Lite Edition
    Info: Processing started: Sat Nov 02 23:49:00 2019
Info: Command: quartus_map --read_settings_files=on --write_settings_files=off Decoder -c Decoder --analysis_and_elaboration
Warning (18236): Number of processors has not been specified which may cause overloading on shared machines.  Set the global assignment NUM_PARALLEL_PROCESSORS in your QSF to an appropriate value for best performance.
Info (20030): Parallel compilation is enabled and will use 4 of the 4 processors detected
Info (12021): Found 2 design units, including 1 entities, in source file decoder.vhd
    Info (12022): Found design unit 1: Decoder-Decoder File: D:/0# POLI_Endgame-Algm me tira daqui/Org Arq II/Projeto/Tomasulo/Decoder/Decoder.vhd Line: 42
    Info (12023): Found entity 1: Decoder File: D:/0# POLI_Endgame-Algm me tira daqui/Org Arq II/Projeto/Tomasulo/Decoder/Decoder.vhd Line: 6
Info (12021): Found 2 design units, including 1 entities, in source file decoder_tb.vhd
    Info (12022): Found design unit 1: decoder_tb-tb File: D:/0# POLI_Endgame-Algm me tira daqui/Org Arq II/Projeto/Tomasulo/Decoder/Decoder_tb.vhd Line: 16
    Info (12023): Found entity 1: decoder_tb File: D:/0# POLI_Endgame-Algm me tira daqui/Org Arq II/Projeto/Tomasulo/Decoder/Decoder_tb.vhd Line: 4
Info (12127): Elaborating entity "Decoder" for the top level hierarchy
Warning (10492): VHDL Process Statement warning at Decoder.vhd(74): signal "load" is read inside the Process Statement but isn't in the Process Statement's sensitivity list File: D:/0# POLI_Endgame-Algm me tira daqui/Org Arq II/Projeto/Tomasulo/Decoder/Decoder.vhd Line: 74
Warning (10492): VHDL Process Statement warning at Decoder.vhd(76): signal "instruction" is read inside the Process Statement but isn't in the Process Statement's sensitivity list File: D:/0# POLI_Endgame-Algm me tira daqui/Org Arq II/Projeto/Tomasulo/Decoder/Decoder.vhd Line: 76
Warning (10492): VHDL Process Statement warning at Decoder.vhd(84): signal "instruction" is read inside the Process Statement but isn't in the Process Statement's sensitivity list File: D:/0# POLI_Endgame-Algm me tira daqui/Org Arq II/Projeto/Tomasulo/Decoder/Decoder.vhd Line: 84
Warning (10492): VHDL Process Statement warning at Decoder.vhd(85): signal "instruction" is read inside the Process Statement but isn't in the Process Statement's sensitivity list File: D:/0# POLI_Endgame-Algm me tira daqui/Org Arq II/Projeto/Tomasulo/Decoder/Decoder.vhd Line: 85
Warning (10492): VHDL Process Statement warning at Decoder.vhd(86): signal "instruction" is read inside the Process Statement but isn't in the Process Statement's sensitivity list File: D:/0# POLI_Endgame-Algm me tira daqui/Org Arq II/Projeto/Tomasulo/Decoder/Decoder.vhd Line: 86
Warning (10492): VHDL Process Statement warning at Decoder.vhd(94): signal "instruction" is read inside the Process Statement but isn't in the Process Statement's sensitivity list File: D:/0# POLI_Endgame-Algm me tira daqui/Org Arq II/Projeto/Tomasulo/Decoder/Decoder.vhd Line: 94
Warning (10492): VHDL Process Statement warning at Decoder.vhd(95): signal "instruction" is read inside the Process Statement but isn't in the Process Statement's sensitivity list File: D:/0# POLI_Endgame-Algm me tira daqui/Org Arq II/Projeto/Tomasulo/Decoder/Decoder.vhd Line: 95
Warning (10492): VHDL Process Statement warning at Decoder.vhd(96): signal "instruction" is read inside the Process Statement but isn't in the Process Statement's sensitivity list File: D:/0# POLI_Endgame-Algm me tira daqui/Org Arq II/Projeto/Tomasulo/Decoder/Decoder.vhd Line: 96
Warning (10631): VHDL Process Statement warning at Decoder.vhd(46): inferring latch(es) for signal or variable "opCode", which holds its previous value in one or more paths through the process File: D:/0# POLI_Endgame-Algm me tira daqui/Org Arq II/Projeto/Tomasulo/Decoder/Decoder.vhd Line: 46
Warning (10631): VHDL Process Statement warning at Decoder.vhd(46): inferring latch(es) for signal or variable "rsBusy", which holds its previous value in one or more paths through the process File: D:/0# POLI_Endgame-Algm me tira daqui/Org Arq II/Projeto/Tomasulo/Decoder/Decoder.vhd Line: 46
Warning (10631): VHDL Process Statement warning at Decoder.vhd(46): inferring latch(es) for signal or variable "ind", which holds its previous value in one or more paths through the process File: D:/0# POLI_Endgame-Algm me tira daqui/Org Arq II/Projeto/Tomasulo/Decoder/Decoder.vhd Line: 46
Warning (10631): VHDL Process Statement warning at Decoder.vhd(46): inferring latch(es) for signal or variable "rjFiles", which holds its previous value in one or more paths through the process File: D:/0# POLI_Endgame-Algm me tira daqui/Org Arq II/Projeto/Tomasulo/Decoder/Decoder.vhd Line: 46
Warning (10631): VHDL Process Statement warning at Decoder.vhd(46): inferring latch(es) for signal or variable "rkFiles", which holds its previous value in one or more paths through the process File: D:/0# POLI_Endgame-Algm me tira daqui/Org Arq II/Projeto/Tomasulo/Decoder/Decoder.vhd Line: 46
Warning (10631): VHDL Process Statement warning at Decoder.vhd(46): inferring latch(es) for signal or variable "writeMapAddr", which holds its previous value in one or more paths through the process File: D:/0# POLI_Endgame-Algm me tira daqui/Org Arq II/Projeto/Tomasulo/Decoder/Decoder.vhd Line: 46
Warning (10631): VHDL Process Statement warning at Decoder.vhd(46): inferring latch(es) for signal or variable "writeMapRS", which holds its previous value in one or more paths through the process File: D:/0# POLI_Endgame-Algm me tira daqui/Org Arq II/Projeto/Tomasulo/Decoder/Decoder.vhd Line: 46
Warning (10631): VHDL Process Statement warning at Decoder.vhd(46): inferring latch(es) for signal or variable "writeMapData", which holds its previous value in one or more paths through the process File: D:/0# POLI_Endgame-Algm me tira daqui/Org Arq II/Projeto/Tomasulo/Decoder/Decoder.vhd Line: 46
Warning (10631): VHDL Process Statement warning at Decoder.vhd(46): inferring latch(es) for signal or variable "RSLineOneHot", which holds its previous value in one or more paths through the process File: D:/0# POLI_Endgame-Algm me tira daqui/Org Arq II/Projeto/Tomasulo/Decoder/Decoder.vhd Line: 46
Warning (10631): VHDL Process Statement warning at Decoder.vhd(46): inferring latch(es) for signal or variable "lineId", which holds its previous value in one or more paths through the process File: D:/0# POLI_Endgame-Algm me tira daqui/Org Arq II/Projeto/Tomasulo/Decoder/Decoder.vhd Line: 46
Warning (10631): VHDL Process Statement warning at Decoder.vhd(46): inferring latch(es) for signal or variable "fuID", which holds its previous value in one or more paths through the process File: D:/0# POLI_Endgame-Algm me tira daqui/Org Arq II/Projeto/Tomasulo/Decoder/Decoder.vhd Line: 46
Info (10041): Inferred latch for "RSLineOneHot[0]" at Decoder.vhd(46) File: D:/0# POLI_Endgame-Algm me tira daqui/Org Arq II/Projeto/Tomasulo/Decoder/Decoder.vhd Line: 46
Info (10041): Inferred latch for "RSLineOneHot[1]" at Decoder.vhd(46) File: D:/0# POLI_Endgame-Algm me tira daqui/Org Arq II/Projeto/Tomasulo/Decoder/Decoder.vhd Line: 46
Info (10041): Inferred latch for "RSLineOneHot[2]" at Decoder.vhd(46) File: D:/0# POLI_Endgame-Algm me tira daqui/Org Arq II/Projeto/Tomasulo/Decoder/Decoder.vhd Line: 46
Info (10041): Inferred latch for "RSLineOneHot[3]" at Decoder.vhd(46) File: D:/0# POLI_Endgame-Algm me tira daqui/Org Arq II/Projeto/Tomasulo/Decoder/Decoder.vhd Line: 46
Info (10041): Inferred latch for "RSLineOneHot[4]" at Decoder.vhd(46) File: D:/0# POLI_Endgame-Algm me tira daqui/Org Arq II/Projeto/Tomasulo/Decoder/Decoder.vhd Line: 46
Info (10041): Inferred latch for "RSLineOneHot[5]" at Decoder.vhd(46) File: D:/0# POLI_Endgame-Algm me tira daqui/Org Arq II/Projeto/Tomasulo/Decoder/Decoder.vhd Line: 46
Info (10041): Inferred latch for "writeMapData[0]" at Decoder.vhd(46) File: D:/0# POLI_Endgame-Algm me tira daqui/Org Arq II/Projeto/Tomasulo/Decoder/Decoder.vhd Line: 46
Info (10041): Inferred latch for "writeMapData[1]" at Decoder.vhd(46) File: D:/0# POLI_Endgame-Algm me tira daqui/Org Arq II/Projeto/Tomasulo/Decoder/Decoder.vhd Line: 46
Info (10041): Inferred latch for "writeMapData[2]" at Decoder.vhd(46) File: D:/0# POLI_Endgame-Algm me tira daqui/Org Arq II/Projeto/Tomasulo/Decoder/Decoder.vhd Line: 46
Info (10041): Inferred latch for "writeMapRS" at Decoder.vhd(46) File: D:/0# POLI_Endgame-Algm me tira daqui/Org Arq II/Projeto/Tomasulo/Decoder/Decoder.vhd Line: 46
Info (10041): Inferred latch for "writeMapAddr[0]" at Decoder.vhd(46) File: D:/0# POLI_Endgame-Algm me tira daqui/Org Arq II/Projeto/Tomasulo/Decoder/Decoder.vhd Line: 46
Info (10041): Inferred latch for "writeMapAddr[1]" at Decoder.vhd(46) File: D:/0# POLI_Endgame-Algm me tira daqui/Org Arq II/Projeto/Tomasulo/Decoder/Decoder.vhd Line: 46
Info (10041): Inferred latch for "writeMapAddr[2]" at Decoder.vhd(46) File: D:/0# POLI_Endgame-Algm me tira daqui/Org Arq II/Projeto/Tomasulo/Decoder/Decoder.vhd Line: 46
Info (10041): Inferred latch for "writeMapAddr[3]" at Decoder.vhd(46) File: D:/0# POLI_Endgame-Algm me tira daqui/Org Arq II/Projeto/Tomasulo/Decoder/Decoder.vhd Line: 46
Info (10041): Inferred latch for "writeMapAddr[4]" at Decoder.vhd(46) File: D:/0# POLI_Endgame-Algm me tira daqui/Org Arq II/Projeto/Tomasulo/Decoder/Decoder.vhd Line: 46
Info (10041): Inferred latch for "rkFiles[0]" at Decoder.vhd(46) File: D:/0# POLI_Endgame-Algm me tira daqui/Org Arq II/Projeto/Tomasulo/Decoder/Decoder.vhd Line: 46
Info (10041): Inferred latch for "rkFiles[1]" at Decoder.vhd(46) File: D:/0# POLI_Endgame-Algm me tira daqui/Org Arq II/Projeto/Tomasulo/Decoder/Decoder.vhd Line: 46
Info (10041): Inferred latch for "rkFiles[2]" at Decoder.vhd(46) File: D:/0# POLI_Endgame-Algm me tira daqui/Org Arq II/Projeto/Tomasulo/Decoder/Decoder.vhd Line: 46
Info (10041): Inferred latch for "rkFiles[3]" at Decoder.vhd(46) File: D:/0# POLI_Endgame-Algm me tira daqui/Org Arq II/Projeto/Tomasulo/Decoder/Decoder.vhd Line: 46
Info (10041): Inferred latch for "rkFiles[4]" at Decoder.vhd(46) File: D:/0# POLI_Endgame-Algm me tira daqui/Org Arq II/Projeto/Tomasulo/Decoder/Decoder.vhd Line: 46
Info (10041): Inferred latch for "rjFiles[0]" at Decoder.vhd(46) File: D:/0# POLI_Endgame-Algm me tira daqui/Org Arq II/Projeto/Tomasulo/Decoder/Decoder.vhd Line: 46
Info (10041): Inferred latch for "rjFiles[1]" at Decoder.vhd(46) File: D:/0# POLI_Endgame-Algm me tira daqui/Org Arq II/Projeto/Tomasulo/Decoder/Decoder.vhd Line: 46
Info (10041): Inferred latch for "rjFiles[2]" at Decoder.vhd(46) File: D:/0# POLI_Endgame-Algm me tira daqui/Org Arq II/Projeto/Tomasulo/Decoder/Decoder.vhd Line: 46
Info (10041): Inferred latch for "rjFiles[3]" at Decoder.vhd(46) File: D:/0# POLI_Endgame-Algm me tira daqui/Org Arq II/Projeto/Tomasulo/Decoder/Decoder.vhd Line: 46
Info (10041): Inferred latch for "rjFiles[4]" at Decoder.vhd(46) File: D:/0# POLI_Endgame-Algm me tira daqui/Org Arq II/Projeto/Tomasulo/Decoder/Decoder.vhd Line: 46
Info (10041): Inferred latch for "opCode[0]" at Decoder.vhd(46) File: D:/0# POLI_Endgame-Algm me tira daqui/Org Arq II/Projeto/Tomasulo/Decoder/Decoder.vhd Line: 46
Info (10041): Inferred latch for "opCode[1]" at Decoder.vhd(46) File: D:/0# POLI_Endgame-Algm me tira daqui/Org Arq II/Projeto/Tomasulo/Decoder/Decoder.vhd Line: 46
Info (10041): Inferred latch for "opCode[2]" at Decoder.vhd(46) File: D:/0# POLI_Endgame-Algm me tira daqui/Org Arq II/Projeto/Tomasulo/Decoder/Decoder.vhd Line: 46
Info (10041): Inferred latch for "opCode[3]" at Decoder.vhd(46) File: D:/0# POLI_Endgame-Algm me tira daqui/Org Arq II/Projeto/Tomasulo/Decoder/Decoder.vhd Line: 46
Info (10041): Inferred latch for "fuID[0]" at Decoder.vhd(74) File: D:/0# POLI_Endgame-Algm me tira daqui/Org Arq II/Projeto/Tomasulo/Decoder/Decoder.vhd Line: 74
Info (10041): Inferred latch for "fuID[1]" at Decoder.vhd(74) File: D:/0# POLI_Endgame-Algm me tira daqui/Org Arq II/Projeto/Tomasulo/Decoder/Decoder.vhd Line: 74
Info (10041): Inferred latch for "lineId[0]" at Decoder.vhd(74) File: D:/0# POLI_Endgame-Algm me tira daqui/Org Arq II/Projeto/Tomasulo/Decoder/Decoder.vhd Line: 74
Info (10041): Inferred latch for "ind[0]" at Decoder.vhd(74) File: D:/0# POLI_Endgame-Algm me tira daqui/Org Arq II/Projeto/Tomasulo/Decoder/Decoder.vhd Line: 74
Info (10041): Inferred latch for "ind[1]" at Decoder.vhd(74) File: D:/0# POLI_Endgame-Algm me tira daqui/Org Arq II/Projeto/Tomasulo/Decoder/Decoder.vhd Line: 74
Info (10041): Inferred latch for "ind[2]" at Decoder.vhd(74) File: D:/0# POLI_Endgame-Algm me tira daqui/Org Arq II/Projeto/Tomasulo/Decoder/Decoder.vhd Line: 74
Info (10041): Inferred latch for "ind[3]" at Decoder.vhd(74) File: D:/0# POLI_Endgame-Algm me tira daqui/Org Arq II/Projeto/Tomasulo/Decoder/Decoder.vhd Line: 74
Info (10041): Inferred latch for "ind[4]" at Decoder.vhd(74) File: D:/0# POLI_Endgame-Algm me tira daqui/Org Arq II/Projeto/Tomasulo/Decoder/Decoder.vhd Line: 74
Info (10041): Inferred latch for "ind[5]" at Decoder.vhd(74) File: D:/0# POLI_Endgame-Algm me tira daqui/Org Arq II/Projeto/Tomasulo/Decoder/Decoder.vhd Line: 74
Info (10041): Inferred latch for "ind[6]" at Decoder.vhd(74) File: D:/0# POLI_Endgame-Algm me tira daqui/Org Arq II/Projeto/Tomasulo/Decoder/Decoder.vhd Line: 74
Info (10041): Inferred latch for "ind[7]" at Decoder.vhd(74) File: D:/0# POLI_Endgame-Algm me tira daqui/Org Arq II/Projeto/Tomasulo/Decoder/Decoder.vhd Line: 74
Info (10041): Inferred latch for "ind[8]" at Decoder.vhd(74) File: D:/0# POLI_Endgame-Algm me tira daqui/Org Arq II/Projeto/Tomasulo/Decoder/Decoder.vhd Line: 74
Info (10041): Inferred latch for "ind[9]" at Decoder.vhd(74) File: D:/0# POLI_Endgame-Algm me tira daqui/Org Arq II/Projeto/Tomasulo/Decoder/Decoder.vhd Line: 74
Info (10041): Inferred latch for "ind[10]" at Decoder.vhd(74) File: D:/0# POLI_Endgame-Algm me tira daqui/Org Arq II/Projeto/Tomasulo/Decoder/Decoder.vhd Line: 74
Info (10041): Inferred latch for "ind[11]" at Decoder.vhd(74) File: D:/0# POLI_Endgame-Algm me tira daqui/Org Arq II/Projeto/Tomasulo/Decoder/Decoder.vhd Line: 74
Info (10041): Inferred latch for "ind[12]" at Decoder.vhd(74) File: D:/0# POLI_Endgame-Algm me tira daqui/Org Arq II/Projeto/Tomasulo/Decoder/Decoder.vhd Line: 74
Info (10041): Inferred latch for "ind[13]" at Decoder.vhd(74) File: D:/0# POLI_Endgame-Algm me tira daqui/Org Arq II/Projeto/Tomasulo/Decoder/Decoder.vhd Line: 74
Info (10041): Inferred latch for "ind[14]" at Decoder.vhd(74) File: D:/0# POLI_Endgame-Algm me tira daqui/Org Arq II/Projeto/Tomasulo/Decoder/Decoder.vhd Line: 74
Info (10041): Inferred latch for "ind[15]" at Decoder.vhd(74) File: D:/0# POLI_Endgame-Algm me tira daqui/Org Arq II/Projeto/Tomasulo/Decoder/Decoder.vhd Line: 74
Info (10041): Inferred latch for "ind[16]" at Decoder.vhd(74) File: D:/0# POLI_Endgame-Algm me tira daqui/Org Arq II/Projeto/Tomasulo/Decoder/Decoder.vhd Line: 74
Info (10041): Inferred latch for "ind[17]" at Decoder.vhd(74) File: D:/0# POLI_Endgame-Algm me tira daqui/Org Arq II/Projeto/Tomasulo/Decoder/Decoder.vhd Line: 74
Info (10041): Inferred latch for "ind[18]" at Decoder.vhd(74) File: D:/0# POLI_Endgame-Algm me tira daqui/Org Arq II/Projeto/Tomasulo/Decoder/Decoder.vhd Line: 74
Info (10041): Inferred latch for "ind[19]" at Decoder.vhd(74) File: D:/0# POLI_Endgame-Algm me tira daqui/Org Arq II/Projeto/Tomasulo/Decoder/Decoder.vhd Line: 74
Info (10041): Inferred latch for "ind[20]" at Decoder.vhd(74) File: D:/0# POLI_Endgame-Algm me tira daqui/Org Arq II/Projeto/Tomasulo/Decoder/Decoder.vhd Line: 74
Info (10041): Inferred latch for "ind[21]" at Decoder.vhd(74) File: D:/0# POLI_Endgame-Algm me tira daqui/Org Arq II/Projeto/Tomasulo/Decoder/Decoder.vhd Line: 74
Info (10041): Inferred latch for "ind[22]" at Decoder.vhd(74) File: D:/0# POLI_Endgame-Algm me tira daqui/Org Arq II/Projeto/Tomasulo/Decoder/Decoder.vhd Line: 74
Info (10041): Inferred latch for "ind[23]" at Decoder.vhd(74) File: D:/0# POLI_Endgame-Algm me tira daqui/Org Arq II/Projeto/Tomasulo/Decoder/Decoder.vhd Line: 74
Info (10041): Inferred latch for "ind[24]" at Decoder.vhd(74) File: D:/0# POLI_Endgame-Algm me tira daqui/Org Arq II/Projeto/Tomasulo/Decoder/Decoder.vhd Line: 74
Info (10041): Inferred latch for "ind[25]" at Decoder.vhd(74) File: D:/0# POLI_Endgame-Algm me tira daqui/Org Arq II/Projeto/Tomasulo/Decoder/Decoder.vhd Line: 74
Info (10041): Inferred latch for "ind[26]" at Decoder.vhd(74) File: D:/0# POLI_Endgame-Algm me tira daqui/Org Arq II/Projeto/Tomasulo/Decoder/Decoder.vhd Line: 74
Info (10041): Inferred latch for "ind[27]" at Decoder.vhd(74) File: D:/0# POLI_Endgame-Algm me tira daqui/Org Arq II/Projeto/Tomasulo/Decoder/Decoder.vhd Line: 74
Info (10041): Inferred latch for "ind[28]" at Decoder.vhd(74) File: D:/0# POLI_Endgame-Algm me tira daqui/Org Arq II/Projeto/Tomasulo/Decoder/Decoder.vhd Line: 74
Info (10041): Inferred latch for "ind[29]" at Decoder.vhd(74) File: D:/0# POLI_Endgame-Algm me tira daqui/Org Arq II/Projeto/Tomasulo/Decoder/Decoder.vhd Line: 74
Info (10041): Inferred latch for "ind[30]" at Decoder.vhd(74) File: D:/0# POLI_Endgame-Algm me tira daqui/Org Arq II/Projeto/Tomasulo/Decoder/Decoder.vhd Line: 74
Info (10041): Inferred latch for "ind[31]" at Decoder.vhd(74) File: D:/0# POLI_Endgame-Algm me tira daqui/Org Arq II/Projeto/Tomasulo/Decoder/Decoder.vhd Line: 74
Info (10041): Inferred latch for "rsBusy" at Decoder.vhd(74) File: D:/0# POLI_Endgame-Algm me tira daqui/Org Arq II/Projeto/Tomasulo/Decoder/Decoder.vhd Line: 74
Info: Quartus Prime Analysis & Elaboration was successful. 0 errors, 20 warnings
    Info: Peak virtual memory: 4826 megabytes
    Info: Processing ended: Sat Nov 02 23:49:14 2019
    Info: Elapsed time: 00:00:14
    Info: Total CPU time (on all processors): 00:00:33


